0 verbose cli C:\Program Files\nodejs\node.exe C:\Users\haile\AppData\Roaming\npm\node_modules\npm\bin\npm-cli.js
1 info using npm@11.6.4
2 info using node@v22.21.1
3 silly config load:file:C:\Users\haile\AppData\Roaming\npm\node_modules\npm\npmrc
4 silly config load:file:C:\Users\haile\OneDrive\Desktop\NDSWEBSITE\Backend\.npmrc
5 silly config load:file:C:\Users\haile\.npmrc
6 silly config load:file:C:\Users\haile\AppData\Roaming\npm\etc\npmrc
7 verbose title npm install
8 verbose argv "install" "--cache" ".npm-cache" "--no-audit" "--no-fund"
9 verbose logfile logs-max:10 dir:C:\Users\haile\OneDrive\Desktop\NDSWEBSITE\Backend\.npm-cache\_logs\2026-03-13T07_56_44_862Z-
10 verbose logfile C:\Users\haile\OneDrive\Desktop\NDSWEBSITE\Backend\.npm-cache\_logs\2026-03-13T07_56_44_862Z-debug-0.log
11 silly logfile done cleaning log files
12 silly packumentCache heap:4345298944 maxSize:1086324736 maxEntrySize:543162368
13 verbose shrinkwrap failed to load node_modules/.package-lock.json out of date, updated: node_modules
14 silly idealTree buildDeps
15 silly fetch manifest pg@^8.16.3
16 silly packumentCache full:https://registry.npmjs.org/pg cache-miss
17 http fetch GET 200 https://registry.npmjs.org/pg 1756ms (cache miss)
18 silly packumentCache full:https://registry.npmjs.org/pg set size:undefined disposed:false
19 silly fetch manifest pg-native@>=3.0.1
20 silly packumentCache full:https://registry.npmjs.org/pg-native cache-miss
21 http fetch GET 200 https://registry.npmjs.org/pg-native 217ms (cache miss)
22 silly packumentCache full:https://registry.npmjs.org/pg-native set size:undefined disposed:false
23 silly fetch manifest sequelize@^6.37.7
24 silly packumentCache full:https://registry.npmjs.org/sequelize cache-miss
25 http fetch GET 200 https://registry.npmjs.org/npm 3377ms
26 http fetch GET 200 https://registry.npmjs.org/sequelize 1532ms (cache miss)
27 silly packumentCache full:https://registry.npmjs.org/sequelize set size:undefined disposed:false
28 silly placeDep ROOT pg@8.20.0 OK for: backend@1.0.0 want: ^8.16.3
29 silly placeDep ROOT sequelize@6.37.8 OK for: backend@1.0.0 want: ^6.37.7
30 silly fetch manifest pg-connection-string@^2.12.0
31 silly packumentCache full:https://registry.npmjs.org/pg-connection-string cache-miss
32 silly fetch manifest pg-pool@^3.13.0
33 silly packumentCache full:https://registry.npmjs.org/pg-pool cache-miss
34 silly fetch manifest pg-protocol@^1.13.0
35 silly packumentCache full:https://registry.npmjs.org/pg-protocol cache-miss
36 silly fetch manifest pg-types@2.2.0
37 silly packumentCache full:https://registry.npmjs.org/pg-types cache-miss
38 silly fetch manifest pgpass@1.0.5
39 silly packumentCache full:https://registry.npmjs.org/pgpass cache-miss
40 silly fetch manifest pg-cloudflare@^1.3.0
41 silly packumentCache full:https://registry.npmjs.org/pg-cloudflare cache-miss
42 silly fetch manifest @types/debug@^4.1.8
43 silly packumentCache full:https://registry.npmjs.org/@types%2fdebug cache-miss
44 silly fetch manifest @types/validator@^13.7.17
45 silly packumentCache full:https://registry.npmjs.org/@types%2fvalidator cache-miss
46 silly fetch manifest dottie@^2.0.6
47 silly packumentCache full:https://registry.npmjs.org/dottie cache-miss
48 silly fetch manifest inflection@^1.13.4
49 silly packumentCache full:https://registry.npmjs.org/inflection cache-miss
50 silly fetch manifest moment@^2.29.4
51 silly packumentCache full:https://registry.npmjs.org/moment cache-miss
52 http fetch GET 200 https://registry.npmjs.org/pg-connection-string 313ms (cache miss)
53 silly packumentCache full:https://registry.npmjs.org/pg-connection-string set size:undefined disposed:false
54 silly fetch manifest moment-timezone@^0.5.43
55 silly packumentCache full:https://registry.npmjs.org/moment-timezone cache-miss
56 http fetch GET 200 https://registry.npmjs.org/pg-pool 783ms (cache miss)
57 silly packumentCache full:https://registry.npmjs.org/pg-pool set size:undefined disposed:false
58 silly fetch manifest pg-connection-string@^2.6.1
59 silly packumentCache full:https://registry.npmjs.org/pg-connection-string cache-miss
60 http cache https://registry.npmjs.org/pg-connection-string 17ms (cache hit)
61 silly packumentCache full:https://registry.npmjs.org/pg-connection-string set size:74247 disposed:false
62 silly fetch manifest retry-as-promised@^7.0.4
63 silly packumentCache full:https://registry.npmjs.org/retry-as-promised cache-miss
64 http fetch GET 200 https://registry.npmjs.org/pg-protocol 1160ms (cache miss)
65 silly packumentCache full:https://registry.npmjs.org/pg-protocol set size:undefined disposed:false
66 silly fetch manifest sequelize-pool@^7.1.0
67 silly packumentCache full:https://registry.npmjs.org/sequelize-pool cache-miss
68 http fetch GET 200 https://registry.npmjs.org/pg-cloudflare 1173ms (cache miss)
69 silly packumentCache full:https://registry.npmjs.org/pg-cloudflare set size:undefined disposed:false
70 silly fetch manifest toposort-class@^1.0.1
71 silly packumentCache full:https://registry.npmjs.org/toposort-class cache-miss
72 http fetch GET 200 https://registry.npmjs.org/pgpass 1361ms (cache miss)
73 silly packumentCache full:https://registry.npmjs.org/pgpass set size:undefined disposed:false
74 silly fetch manifest uuid@^8.3.2
75 silly packumentCache full:https://registry.npmjs.org/uuid cache-miss
76 http fetch GET 200 https://registry.npmjs.org/@types%2fdebug 1475ms (cache miss)
77 silly packumentCache full:https://registry.npmjs.org/@types%2fdebug set size:undefined disposed:false
78 silly fetch manifest wkx@^0.5.0
79 silly packumentCache full:https://registry.npmjs.org/wkx cache-miss
80 http fetch GET 200 https://registry.npmjs.org/moment-timezone 1611ms (cache miss)
81 silly packumentCache full:https://registry.npmjs.org/moment-timezone set size:undefined disposed:false
82 http fetch GET 200 https://registry.npmjs.org/retry-as-promised 1138ms (cache miss)
83 silly packumentCache full:https://registry.npmjs.org/retry-as-promised set size:undefined disposed:false
84 http fetch GET 200 https://registry.npmjs.org/toposort-class 842ms (cache miss)
85 silly packumentCache full:https://registry.npmjs.org/toposort-class set size:undefined disposed:false
86 http fetch GET 200 https://registry.npmjs.org/sequelize-pool 870ms (cache miss)
87 silly packumentCache full:https://registry.npmjs.org/sequelize-pool set size:undefined disposed:false
88 http fetch GET 200 https://registry.npmjs.org/@types%2fvalidator 2116ms (cache miss)
89 silly packumentCache full:https://registry.npmjs.org/@types%2fvalidator set size:undefined disposed:false
90 http fetch GET 200 https://registry.npmjs.org/uuid 833ms (cache miss)
91 silly packumentCache full:https://registry.npmjs.org/uuid set size:undefined disposed:false
92 http fetch GET 200 https://registry.npmjs.org/wkx 741ms (cache miss)
93 silly packumentCache full:https://registry.npmjs.org/wkx set size:undefined disposed:false
94 http fetch GET 200 https://registry.npmjs.org/moment 2397ms (cache miss)
95 silly packumentCache full:https://registry.npmjs.org/moment set size:undefined disposed:false
96 http fetch GET 200 https://registry.npmjs.org/pg-types 2413ms (cache miss)
97 silly packumentCache full:https://registry.npmjs.org/pg-types set size:undefined disposed:false
98 http fetch GET 200 https://registry.npmjs.org/dottie 2417ms (cache miss)
99 silly packumentCache full:https://registry.npmjs.org/dottie set size:undefined disposed:false
100 http fetch GET 200 https://registry.npmjs.org/inflection 3020ms (cache miss)
101 silly packumentCache full:https://registry.npmjs.org/inflection set size:undefined disposed:false
102 silly fetch manifest pg@>=8.0
103 silly packumentCache full:https://registry.npmjs.org/pg cache-miss
104 http cache https://registry.npmjs.org/pg 22ms (cache hit)
105 silly packumentCache full:https://registry.npmjs.org/pg set size:475297 disposed:false
106 silly placeDep ROOT pg-cloudflare@1.3.0 OK for: pg@8.20.0 want: ^1.3.0
107 silly placeDep ROOT pg-connection-string@2.12.0 OK for: pg@8.20.0 want: ^2.12.0
108 silly placeDep ROOT pg-pool@3.13.0 OK for: pg@8.20.0 want: ^3.13.0
109 silly placeDep ROOT pg-protocol@1.13.0 OK for: pg@8.20.0 want: ^1.13.0
110 silly placeDep ROOT pg-types@2.2.0 OK for: pg@8.20.0 want: 2.2.0
111 silly placeDep ROOT pgpass@1.0.5 OK for: pg@8.20.0 want: 1.0.5
112 silly fetch manifest pg-int8@1.0.1
113 silly packumentCache full:https://registry.npmjs.org/pg-int8 cache-miss
114 silly fetch manifest postgres-date@~1.0.4
115 silly packumentCache full:https://registry.npmjs.org/postgres-date cache-miss
116 silly fetch manifest postgres-array@~2.0.0
117 silly packumentCache full:https://registry.npmjs.org/postgres-array cache-miss
118 silly fetch manifest postgres-bytea@~1.0.0
119 silly packumentCache full:https://registry.npmjs.org/postgres-bytea cache-miss
120 silly fetch manifest postgres-interval@^1.1.0
121 silly packumentCache full:https://registry.npmjs.org/postgres-interval cache-miss
122 silly fetch manifest split2@^4.1.0
123 silly packumentCache full:https://registry.npmjs.org/split2 cache-miss
124 http fetch GET 200 https://registry.npmjs.org/pg-int8 113ms (cache miss)
125 silly packumentCache full:https://registry.npmjs.org/pg-int8 set size:undefined disposed:false
126 http fetch GET 200 https://registry.npmjs.org/postgres-bytea 128ms (cache miss)
127 silly packumentCache full:https://registry.npmjs.org/postgres-bytea set size:undefined disposed:false
128 http fetch GET 200 https://registry.npmjs.org/postgres-interval 148ms (cache miss)
129 silly packumentCache full:https://registry.npmjs.org/postgres-interval set size:undefined disposed:false
130 http fetch GET 200 https://registry.npmjs.org/split2 160ms (cache miss)
131 silly packumentCache full:https://registry.npmjs.org/split2 set size:undefined disposed:false
132 http fetch GET 200 https://registry.npmjs.org/postgres-array 437ms (cache miss)
133 silly packumentCache full:https://registry.npmjs.org/postgres-array set size:undefined disposed:false
134 http fetch GET 200 https://registry.npmjs.org/postgres-date 457ms (cache miss)
135 silly packumentCache full:https://registry.npmjs.org/postgres-date set size:undefined disposed:false
136 silly placeDep ROOT pg-int8@1.0.1 OK for: pg-types@2.2.0 want: 1.0.1
137 silly placeDep ROOT postgres-array@2.0.0 OK for: pg-types@2.2.0 want: ~2.0.0
138 silly placeDep ROOT postgres-bytea@1.0.1 OK for: pg-types@2.2.0 want: ~1.0.0
139 silly placeDep ROOT postgres-date@1.0.7 OK for: pg-types@2.2.0 want: ~1.0.4
140 silly placeDep ROOT postgres-interval@1.2.0 OK for: pg-types@2.2.0 want: ^1.1.0
141 silly placeDep ROOT split2@4.2.0 OK for: pgpass@1.0.5 want: ^4.1.0
142 silly placeDep ROOT @types/debug@4.1.12 OK for: sequelize@6.37.8 want: ^4.1.8
143 silly placeDep ROOT @types/validator@13.15.10 OK for: sequelize@6.37.8 want: ^13.7.17
144 silly placeDep ROOT dottie@2.0.7 OK for: sequelize@6.37.8 want: ^2.0.6
145 silly placeDep ROOT inflection@1.13.4 OK for: sequelize@6.37.8 want: ^1.13.4
146 silly placeDep ROOT moment@2.30.1 OK for: sequelize@6.37.8 want: ^2.29.4
147 silly placeDep ROOT moment-timezone@0.5.48 OK for: sequelize@6.37.8 want: ^0.5.43
148 silly placeDep ROOT retry-as-promised@7.1.1 OK for: sequelize@6.37.8 want: ^7.0.4
149 silly placeDep ROOT sequelize-pool@7.1.0 OK for: sequelize@6.37.8 want: ^7.1.0
150 silly placeDep ROOT toposort-class@1.0.1 OK for: sequelize@6.37.8 want: ^1.0.1
151 silly placeDep ROOT uuid@8.3.2 OK for: sequelize@6.37.8 want: ^8.3.2
152 silly placeDep ROOT wkx@0.5.0 OK for: sequelize@6.37.8 want: ^0.5.0
153 silly fetch manifest @types/ms@*
154 silly packumentCache full:https://registry.npmjs.org/@types%2fms cache-miss
155 silly fetch manifest @types/node@*
156 silly packumentCache full:https://registry.npmjs.org/@types%2fnode cache-miss
157 http fetch GET 200 https://registry.npmjs.org/@types%2fms 925ms (cache miss)
158 silly packumentCache full:https://registry.npmjs.org/@types%2fms set size:undefined disposed:false
159 http fetch GET 200 https://registry.npmjs.org/@types%2fnode 2861ms (cache miss)
160 silly packumentCache full:https://registry.npmjs.org/@types%2fnode set size:undefined disposed:false
161 silly placeDep ROOT @types/ms@2.1.0 OK for: @types/debug@4.1.12 want: *
162 silly placeDep ROOT @types/node@25.5.0 OK for: wkx@0.5.0 want: *
163 silly fetch manifest undici-types@~7.18.0
164 silly packumentCache full:https://registry.npmjs.org/undici-types cache-miss
165 http fetch GET 200 https://registry.npmjs.org/undici-types 461ms (cache miss)
166 silly packumentCache full:https://registry.npmjs.org/undici-types set size:undefined disposed:false
167 silly placeDep ROOT undici-types@7.18.2 OK for: @types/node@25.5.0 want: ~7.18.0
168 silly reify mark retired [
168 silly reify   'C:\\Users\\haile\\OneDrive\\Desktop\\NDSWEBSITE\\Backend\\node_modules\\bson'
168 silly reify ]
169 silly reify mark retired [
169 silly reify   'C:\\Users\\haile\\OneDrive\\Desktop\\NDSWEBSITE\\Backend\\node_modules\\kareem'
169 silly reify ]
170 silly reify mark retired [
170 silly reify   'C:\\Users\\haile\\OneDrive\\Desktop\\NDSWEBSITE\\Backend\\node_modules\\memory-pager'
170 silly reify ]
171 silly reify mark retired [
171 silly reify   'C:\\Users\\haile\\OneDrive\\Desktop\\NDSWEBSITE\\Backend\\node_modules\\mongodb'
171 silly reify ]
172 silly reify mark retired [
172 silly reify   'C:\\Users\\haile\\OneDrive\\Desktop\\NDSWEBSITE\\Backend\\node_modules\\mongodb-connection-string-url'
172 silly reify ]
173 silly reify mark retired [
173 silly reify   'C:\\Users\\haile\\OneDrive\\Desktop\\NDSWEBSITE\\Backend\\node_modules\\mongoose'
173 silly reify ]
174 silly reify mark retired [
174 silly reify   'C:\\Users\\haile\\OneDrive\\Desktop\\NDSWEBSITE\\Backend\\node_modules\\mpath'
174 silly reify ]
175 silly reify mark retired [
175 silly reify   'C:\\Users\\haile\\OneDrive\\Desktop\\NDSWEBSITE\\Backend\\node_modules\\mquery'
175 silly reify ]
176 silly reify mark retired [
176 silly reify   'C:\\Users\\haile\\OneDrive\\Desktop\\NDSWEBSITE\\Backend\\node_modules\\punycode'
176 silly reify ]
177 silly reify mark retired [
177 silly reify   'C:\\Users\\haile\\OneDrive\\Desktop\\NDSWEBSITE\\Backend\\node_modules\\sift'
177 silly reify ]
178 silly reify mark retired [
178 silly reify   'C:\\Users\\haile\\OneDrive\\Desktop\\NDSWEBSITE\\Backend\\node_modules\\sparse-bitfield'
178 silly reify ]
179 silly reify mark retired [
179 silly reify   'C:\\Users\\haile\\OneDrive\\Desktop\\NDSWEBSITE\\Backend\\node_modules\\tr46'
179 silly reify ]
180 silly reify mark retired [
180 silly reify   'C:\\Users\\haile\\OneDrive\\Desktop\\NDSWEBSITE\\Backend\\node_modules\\webidl-conversions'
180 silly reify ]
181 silly reify mark retired [
181 silly reify   'C:\\Users\\haile\\OneDrive\\Desktop\\NDSWEBSITE\\Backend\\node_modules\\whatwg-url'
181 silly reify ]
182 silly reify mark retired [
182 silly reify   'C:\\Users\\haile\\OneDrive\\Desktop\\NDSWEBSITE\\Backend\\node_modules\\@mongodb-js\\saslprep'
182 silly reify ]
183 silly reify mark retired [
183 silly reify   'C:\\Users\\haile\\OneDrive\\Desktop\\NDSWEBSITE\\Backend\\node_modules\\@types\\whatwg-url'
183 silly reify ]
184 silly reify mark retired [
184 silly reify   'C:\\Users\\haile\\OneDrive\\Desktop\\NDSWEBSITE\\Backend\\node_modules\\@types\\webidl-conversions'
184 silly reify ]
185 silly reify moves {
185 silly reify   'C:\\Users\\haile\\OneDrive\\Desktop\\NDSWEBSITE\\Backend\\node_modules\\bson': 'C:\\Users\\haile\\OneDrive\\Desktop\\NDSWEBSITE\\Backend\\node_modules\\.bson-t0NTqivX',
185 silly reify   'C:\\Users\\haile\\OneDrive\\Desktop\\NDSWEBSITE\\Backend\\node_modules\\kareem': 'C:\\Users\\haile\\OneDrive\\Desktop\\NDSWEBSITE\\Backend\\node_modules\\.kareem-SCN9KhqX',
185 silly reify   'C:\\Users\\haile\\OneDrive\\Desktop\\NDSWEBSITE\\Backend\\node_modules\\memory-pager': 'C:\\Users\\haile\\OneDrive\\Desktop\\NDSWEBSITE\\Backend\\node_modules\\.memory-pager-kU5gZQTQ',
185 silly reify   'C:\\Users\\haile\\OneDrive\\Desktop\\NDSWEBSITE\\Backend\\node_modules\\mongodb': 'C:\\Users\\haile\\OneDrive\\Desktop\\NDSWEBSITE\\Backend\\node_modules\\.mongodb-LalWd7US',
185 silly reify   'C:\\Users\\haile\\OneDrive\\Desktop\\NDSWEBSITE\\Backend\\node_modules\\mongodb-connection-string-url': 'C:\\Users\\haile\\OneDrive\\Desktop\\NDSWEBSITE\\Backend\\node_modules\\.mongodb-connection-string-url-60s2oFar',
185 silly reify   'C:\\Users\\haile\\OneDrive\\Desktop\\NDSWEBSITE\\Backend\\node_modules\\mongoose': 'C:\\Users\\haile\\OneDrive\\Desktop\\NDSWEBSITE\\Backend\\node_modules\\.mongoose-7OejSRiE',
185 silly reify   'C:\\Users\\haile\\OneDrive\\Desktop\\NDSWEBSITE\\Backend\\node_modules\\mpath': 'C:\\Users\\haile\\OneDrive\\Desktop\\NDSWEBSITE\\Backend\\node_modules\\.mpath-KXRoanKl',
185 silly reify   'C:\\Users\\haile\\OneDrive\\Desktop\\NDSWEBSITE\\Backend\\node_modules\\mquery': 'C:\\Users\\haile\\OneDrive\\Desktop\\NDSWEBSITE\\Backend\\node_modules\\.mquery-NT7f5zN6',
185 silly reify   'C:\\Users\\haile\\OneDrive\\Desktop\\NDSWEBSITE\\Backend\\node_modules\\punycode': 'C:\\Users\\haile\\OneDrive\\Desktop\\NDSWEBSITE\\Backend\\node_modules\\.punycode-w7eI0ajj',
185 silly reify   'C:\\Users\\haile\\OneDrive\\Desktop\\NDSWEBSITE\\Backend\\node_modules\\sift': 'C:\\Users\\haile\\OneDrive\\Desktop\\NDSWEBSITE\\Backend\\node_modules\\.sift-EBsMeAot',
185 silly reify   'C:\\Users\\haile\\OneDrive\\Desktop\\NDSWEBSITE\\Backend\\node_modules\\sparse-bitfield': 'C:\\Users\\haile\\OneDrive\\Desktop\\NDSWEBSITE\\Backend\\node_modules\\.sparse-bitfield-nZB8OsPn',
185 silly reify   'C:\\Users\\haile\\OneDrive\\Desktop\\NDSWEBSITE\\Backend\\node_modules\\tr46': 'C:\\Users\\haile\\OneDrive\\Desktop\\NDSWEBSITE\\Backend\\node_modules\\.tr46-627nzIAZ',
185 silly reify   'C:\\Users\\haile\\OneDrive\\Desktop\\NDSWEBSITE\\Backend\\node_modules\\webidl-conversions': 'C:\\Users\\haile\\OneDrive\\Desktop\\NDSWEBSITE\\Backend\\node_modules\\.webidl-conversions-CmBdFavo',
185 silly reify   'C:\\Users\\haile\\OneDrive\\Desktop\\NDSWEBSITE\\Backend\\node_modules\\whatwg-url': 'C:\\Users\\haile\\OneDrive\\Desktop\\NDSWEBSITE\\Backend\\node_modules\\.whatwg-url-GIgq2E3V',
185 silly reify   'C:\\Users\\haile\\OneDrive\\Desktop\\NDSWEBSITE\\Backend\\node_modules\\@mongodb-js\\saslprep': 'C:\\Users\\haile\\OneDrive\\Desktop\\NDSWEBSITE\\Backend\\node_modules\\@mongodb-js\\.saslprep-ZJdCeQ8W',
185 silly reify   'C:\\Users\\haile\\OneDrive\\Desktop\\NDSWEBSITE\\Backend\\node_modules\\@types\\whatwg-url': 'C:\\Users\\haile\\OneDrive\\Desktop\\NDSWEBSITE\\Backend\\node_modules\\@types\\.whatwg-url-MDt9PQTG',
185 silly reify   'C:\\Users\\haile\\OneDrive\\Desktop\\NDSWEBSITE\\Backend\\node_modules\\@types\\webidl-conversions': 'C:\\Users\\haile\\OneDrive\\Desktop\\NDSWEBSITE\\Backend\\node_modules\\@types\\.webidl-conversions-eAHr1wAN'
185 silly reify }
186 http cache undici-types@https://registry.npmjs.org/undici-types/-/undici-types-7.18.2.tgz 0ms (cache hit)
187 http cache @types/ms@https://registry.npmjs.org/@types/ms/-/ms-2.1.0.tgz 0ms (cache hit)
188 http cache @types/node@https://registry.npmjs.org/@types/node/-/node-25.5.0.tgz 0ms (cache hit)
189 http cache wkx@https://registry.npmjs.org/wkx/-/wkx-0.5.0.tgz 0ms (cache hit)
190 http cache uuid@https://registry.npmjs.org/uuid/-/uuid-8.3.2.tgz 0ms (cache hit)
191 http cache sequelize-pool@https://registry.npmjs.org/sequelize-pool/-/sequelize-pool-7.1.0.tgz 0ms (cache hit)
192 http cache toposort-class@https://registry.npmjs.org/toposort-class/-/toposort-class-1.0.1.tgz 0ms (cache hit)
193 http cache moment-timezone@https://registry.npmjs.org/moment-timezone/-/moment-timezone-0.5.48.tgz 0ms (cache hit)
194 http cache moment@https://registry.npmjs.org/moment/-/moment-2.30.1.tgz 0ms (cache hit)
195 http cache retry-as-promised@https://registry.npmjs.org/retry-as-promised/-/retry-as-promised-7.1.1.tgz 0ms (cache hit)
196 http cache inflection@https://registry.npmjs.org/inflection/-/inflection-1.13.4.tgz 0ms (cache hit)
197 http cache @types/validator@https://registry.npmjs.org/@types/validator/-/validator-13.15.10.tgz 0ms (cache hit)
198 http cache dottie@https://registry.npmjs.org/dottie/-/dottie-2.0.7.tgz 0ms (cache hit)
199 http cache @types/debug@https://registry.npmjs.org/@types/debug/-/debug-4.1.12.tgz 0ms (cache hit)
200 http cache postgres-date@https://registry.npmjs.org/postgres-date/-/postgres-date-1.0.7.tgz 0ms (cache hit)
201 http cache split2@https://registry.npmjs.org/split2/-/split2-4.2.0.tgz 0ms (cache hit)
202 http cache postgres-bytea@https://registry.npmjs.org/postgres-bytea/-/postgres-bytea-1.0.1.tgz 0ms (cache hit)
203 http cache pg-int8@https://registry.npmjs.org/pg-int8/-/pg-int8-1.0.1.tgz 0ms (cache hit)
204 http cache postgres-interval@https://registry.npmjs.org/postgres-interval/-/postgres-interval-1.2.0.tgz 0ms (cache hit)
205 http cache pg-types@https://registry.npmjs.org/pg-types/-/pg-types-2.2.0.tgz 0ms (cache hit)
206 http cache postgres-array@https://registry.npmjs.org/postgres-array/-/postgres-array-2.0.0.tgz 0ms (cache hit)
207 http cache pgpass@https://registry.npmjs.org/pgpass/-/pgpass-1.0.5.tgz 0ms (cache hit)
208 http cache pg-protocol@https://registry.npmjs.org/pg-protocol/-/pg-protocol-1.13.0.tgz 0ms (cache hit)
209 http cache pg-pool@https://registry.npmjs.org/pg-pool/-/pg-pool-3.13.0.tgz 0ms (cache hit)
210 http cache pg-cloudflare@https://registry.npmjs.org/pg-cloudflare/-/pg-cloudflare-1.3.0.tgz 0ms (cache hit)
211 silly tarball no local data for undici-types@https://registry.npmjs.org/undici-types/-/undici-types-7.18.2.tgz. Extracting by manifest.
212 silly tarball no local data for @types/ms@https://registry.npmjs.org/@types/ms/-/ms-2.1.0.tgz. Extracting by manifest.
213 silly tarball no local data for @types/node@https://registry.npmjs.org/@types/node/-/node-25.5.0.tgz. Extracting by manifest.
214 silly tarball no local data for wkx@https://registry.npmjs.org/wkx/-/wkx-0.5.0.tgz. Extracting by manifest.
215 http cache pg-connection-string@https://registry.npmjs.org/pg-connection-string/-/pg-connection-string-2.12.0.tgz 0ms (cache hit)
216 silly tarball no local data for uuid@https://registry.npmjs.org/uuid/-/uuid-8.3.2.tgz. Extracting by manifest.
217 silly tarball no local data for sequelize-pool@https://registry.npmjs.org/sequelize-pool/-/sequelize-pool-7.1.0.tgz. Extracting by manifest.
218 silly tarball no local data for toposort-class@https://registry.npmjs.org/toposort-class/-/toposort-class-1.0.1.tgz. Extracting by manifest.
219 silly tarball no local data for moment-timezone@https://registry.npmjs.org/moment-timezone/-/moment-timezone-0.5.48.tgz. Extracting by manifest.
220 silly tarball no local data for moment@https://registry.npmjs.org/moment/-/moment-2.30.1.tgz. Extracting by manifest.
221 silly tarball no local data for retry-as-promised@https://registry.npmjs.org/retry-as-promised/-/retry-as-promised-7.1.1.tgz. Extracting by manifest.
222 silly tarball no local data for inflection@https://registry.npmjs.org/inflection/-/inflection-1.13.4.tgz. Extracting by manifest.
223 silly tarball no local data for @types/validator@https://registry.npmjs.org/@types/validator/-/validator-13.15.10.tgz. Extracting by manifest.
224 silly tarball no local data for dottie@https://registry.npmjs.org/dottie/-/dottie-2.0.7.tgz. Extracting by manifest.
225 silly tarball no local data for @types/debug@https://registry.npmjs.org/@types/debug/-/debug-4.1.12.tgz. Extracting by manifest.
226 silly tarball no local data for postgres-date@https://registry.npmjs.org/postgres-date/-/postgres-date-1.0.7.tgz. Extracting by manifest.
227 silly tarball no local data for split2@https://registry.npmjs.org/split2/-/split2-4.2.0.tgz. Extracting by manifest.
228 silly tarball no local data for postgres-bytea@https://registry.npmjs.org/postgres-bytea/-/postgres-bytea-1.0.1.tgz. Extracting by manifest.
229 silly tarball no local data for pg-int8@https://registry.npmjs.org/pg-int8/-/pg-int8-1.0.1.tgz. Extracting by manifest.
230 silly tarball no local data for postgres-interval@https://registry.npmjs.org/postgres-interval/-/postgres-interval-1.2.0.tgz. Extracting by manifest.
231 silly tarball no local data for pg-types@https://registry.npmjs.org/pg-types/-/pg-types-2.2.0.tgz. Extracting by manifest.
232 silly tarball no local data for postgres-array@https://registry.npmjs.org/postgres-array/-/postgres-array-2.0.0.tgz. Extracting by manifest.
233 silly tarball no local data for pgpass@https://registry.npmjs.org/pgpass/-/pgpass-1.0.5.tgz. Extracting by manifest.
234 silly tarball no local data for pg-protocol@https://registry.npmjs.org/pg-protocol/-/pg-protocol-1.13.0.tgz. Extracting by manifest.
235 silly tarball no local data for pg-pool@https://registry.npmjs.org/pg-pool/-/pg-pool-3.13.0.tgz. Extracting by manifest.
236 silly tarball no local data for pg-cloudflare@https://registry.npmjs.org/pg-cloudflare/-/pg-cloudflare-1.3.0.tgz. Extracting by manifest.
237 http cache sequelize@https://registry.npmjs.org/sequelize/-/sequelize-6.37.8.tgz 0ms (cache hit)
238 http cache pg@https://registry.npmjs.org/pg/-/pg-8.20.0.tgz 0ms (cache hit)
239 silly tarball no local data for pg-connection-string@https://registry.npmjs.org/pg-connection-string/-/pg-connection-string-2.12.0.tgz. Extracting by manifest.
240 silly tarball no local data for sequelize@https://registry.npmjs.org/sequelize/-/sequelize-6.37.8.tgz. Extracting by manifest.
241 silly tarball no local data for pg@https://registry.npmjs.org/pg/-/pg-8.20.0.tgz. Extracting by manifest.
242 http fetch GET 200 https://registry.npmjs.org/@types/ms/-/ms-2.1.0.tgz 174ms (cache miss)
243 http fetch GET 200 https://registry.npmjs.org/undici-types/-/undici-types-7.18.2.tgz 286ms (cache miss)
244 http fetch GET 200 https://registry.npmjs.org/wkx/-/wkx-0.5.0.tgz 343ms (cache miss)
245 http fetch GET 200 https://registry.npmjs.org/sequelize-pool/-/sequelize-pool-7.1.0.tgz 410ms (cache miss)
246 http fetch GET 200 https://registry.npmjs.org/inflection/-/inflection-1.13.4.tgz 416ms (cache miss)
247 http fetch GET 200 https://registry.npmjs.org/toposort-class/-/toposort-class-1.0.1.tgz 453ms (cache miss)
248 http fetch GET 200 https://registry.npmjs.org/retry-as-promised/-/retry-as-promised-7.1.1.tgz 540ms (cache miss)
249 http fetch GET 200 https://registry.npmjs.org/uuid/-/uuid-8.3.2.tgz 722ms (cache miss)
250 http fetch GET 200 https://registry.npmjs.org/split2/-/split2-4.2.0.tgz 1019ms (cache miss)
251 http fetch GET 200 https://registry.npmjs.org/postgres-bytea/-/postgres-bytea-1.0.1.tgz 1256ms (cache miss)
252 http fetch GET 200 https://registry.npmjs.org/pg-int8/-/pg-int8-1.0.1.tgz 1258ms (cache miss)
253 http fetch GET 200 https://registry.npmjs.org/postgres-interval/-/postgres-interval-1.2.0.tgz 1360ms (cache miss)
254 http fetch GET 200 https://registry.npmjs.org/pg-types/-/pg-types-2.2.0.tgz 1377ms (cache miss)
255 http fetch GET 200 https://registry.npmjs.org/postgres-array/-/postgres-array-2.0.0.tgz 1669ms (cache miss)
256 http fetch GET 200 https://registry.npmjs.org/pgpass/-/pgpass-1.0.5.tgz 2732ms (cache miss)
257 http fetch GET 200 https://registry.npmjs.org/pg-protocol/-/pg-protocol-1.13.0.tgz 3496ms (cache miss)
258 http fetch GET 200 https://registry.npmjs.org/pg-pool/-/pg-pool-3.13.0.tgz 3658ms (cache miss)
259 http fetch GET 200 https://registry.npmjs.org/pg-connection-string/-/pg-connection-string-2.12.0.tgz 3650ms (cache miss)
260 http fetch GET 200 https://registry.npmjs.org/pg-cloudflare/-/pg-cloudflare-1.3.0.tgz 3694ms (cache miss)
261 http fetch GET 200 https://registry.npmjs.org/pg/-/pg-8.20.0.tgz 3822ms (cache miss)
262 http fetch GET 200 https://registry.npmjs.org/dottie/-/dottie-2.0.7.tgz 3983ms (cache miss)
263 http fetch GET 200 https://registry.npmjs.org/postgres-date/-/postgres-date-1.0.7.tgz 3995ms (cache miss)
264 http fetch GET 200 https://registry.npmjs.org/moment-timezone/-/moment-timezone-0.5.48.tgz 4446ms (cache miss)
265 http fetch GET 200 https://registry.npmjs.org/@types/debug/-/debug-4.1.12.tgz 4557ms (cache miss)
266 http fetch GET 200 https://registry.npmjs.org/@types/validator/-/validator-13.15.10.tgz 5248ms (cache miss)
267 http fetch GET 200 https://registry.npmjs.org/sequelize/-/sequelize-6.37.8.tgz 5885ms (cache miss)
268 http fetch GET 200 https://registry.npmjs.org/@types/node/-/node-25.5.0.tgz 6473ms (cache miss)
269 http fetch GET 200 https://registry.npmjs.org/moment/-/moment-2.30.1.tgz 7198ms (cache miss)
270 silly ADD node_modules/undici-types
271 silly ADD node_modules/@types/node
272 silly ADD node_modules/@types/ms
273 silly ADD node_modules/wkx
274 silly ADD node_modules/uuid
275 silly ADD node_modules/toposort-class
276 silly ADD node_modules/sequelize-pool
277 silly ADD node_modules/retry-as-promised
278 silly ADD node_modules/moment-timezone
279 silly ADD node_modules/moment
280 silly ADD node_modules/inflection
281 silly ADD node_modules/dottie
282 silly ADD node_modules/@types/validator
283 silly ADD node_modules/@types/debug
284 silly ADD node_modules/split2
285 silly ADD node_modules/postgres-interval
286 silly ADD node_modules/postgres-date
287 silly ADD node_modules/postgres-bytea
288 silly ADD node_modules/postgres-array
289 silly ADD node_modules/pg-int8
290 silly ADD node_modules/pgpass
291 silly ADD node_modules/pg-types
292 silly ADD node_modules/pg-protocol
293 silly ADD node_modules/pg-pool
294 silly ADD node_modules/pg-connection-string
295 silly ADD node_modules/pg-cloudflare
296 silly ADD node_modules/sequelize
297 silly ADD node_modules/pg
298 silly REMOVE node_modules/@types/webidl-conversions
299 silly REMOVE node_modules/@types/whatwg-url
300 silly REMOVE node_modules/@mongodb-js/saslprep
301 silly REMOVE node_modules/whatwg-url
302 silly REMOVE node_modules/webidl-conversions
303 silly REMOVE node_modules/tr46
304 silly REMOVE node_modules/sparse-bitfield
305 silly REMOVE node_modules/sift
306 silly REMOVE node_modules/punycode
307 silly REMOVE node_modules/mquery
308 silly REMOVE node_modules/mpath
309 silly REMOVE node_modules/mongoose
310 silly REMOVE node_modules/mongodb-connection-string-url
311 silly REMOVE node_modules/mongodb
312 silly REMOVE node_modules/memory-pager
313 silly REMOVE node_modules/kareem
314 silly REMOVE node_modules/bson
315 verbose cwd C:\Users\haile\OneDrive\Desktop\NDSWEBSITE\Backend
316 verbose os Windows_NT 10.0.26200
317 verbose node v22.21.1
318 verbose npm  v11.6.4
319 notice
319 notice New minor version of npm available! 11.6.4 -> 11.11.1
319 notice Changelog: https://github.com/npm/cli/releases/tag/v11.11.1
319 notice To update run: npm install -g npm@11.11.1
319 notice  { force: true, [Symbol(proc-log.meta)]: true }
320 verbose exit 0
321 info ok
